# JRE version: OpenJDK Runtime Environment Temurin-17.0.7+7 (17.0.7+7) (build 17.0.7+7)
# Java VM: OpenJDK 64-Bit Server VM Temurin-17.0.7+7 (17.0.7+7, mixed mode, sharing, tiered, compressed oops, compressed class ptrs, g1 gc, windows-amd64)
GC Precious Log:
 CPUs: 16 total, 16 available
 Memory: 16106M
 Large Page Support: Disabled
 NUMA Support: Disabled
 Compressed Oops: Enabled (Zero based)
 Heap Region Size: 2M
 Heap Min Capacity: 512M
 Heap Initial Capacity: 512M
 Heap Max Capacity: 4072M
 Pre-touch: Disabled
 Parallel Workers: 13
 Concurrent Workers: 3
 Concurrent Refinement Workers: 13
 Periodic GC: Disabled
 String Deduplication is enabled
Heap:
 garbage-first heap   total 524288K, used 222451K [0x0000000701800000, 0x0000000800000000)
  region size 2048K, 33 young (67584K), 3 survivors (6144K)
 Metaspace       used 99367K, committed 100224K, reserved 1179648K
  class space    used 14429K, committed 14848K, reserved 1048576K
GC Heap History (20 events):
Event: 438.253 GC heap before
{Heap before GC invocations=111 (full 10):
 garbage-first heap   total 524288K, used 228451K [0x0000000701800000, 0x0000000800000000)
  region size 2048K, 40 young (81920K), 2 survivors (4096K)
 Metaspace       used 98999K, committed 99776K, reserved 1179648K
  class space    used 14386K, committed 14720K, reserved 1048576K
}
Event: 438.259 GC heap after
{Heap after GC invocations=112 (full 10):
 garbage-first heap   total 524288K, used 151353K [0x0000000701800000, 0x0000000800000000)
  region size 2048K, 3 young (6144K), 3 survivors (6144K)
 Metaspace       used 98999K, committed 99776K, reserved 1179648K
  class space    used 14386K, committed 14720K, reserved 1048576K
}
Event: 439.550 GC heap before
{Heap before GC invocations=112 (full 10):
 garbage-first heap   total 524288K, used 227129K [0x0000000701800000, 0x0000000800000000)
  region size 2048K, 40 young (81920K), 3 survivors (6144K)
 Metaspace       used 99030K, committed 99776K, reserved 1179648K
  class space    used 14390K, committed 14720K, reserved 1048576K
}
Event: 439.555 GC heap after
{Heap after GC invocations=113 (full 10):
 garbage-first heap   total 524288K, used 151462K [0x0000000701800000, 0x0000000800000000)
  region size 2048K, 3 young (6144K), 3 survivors (6144K)
 Metaspace       used 99030K, committed 99776K, reserved 1179648K
  class space    used 14390K, committed 14720K, reserved 1048576K
}
Event: 441.019 GC heap before
{Heap before GC invocations=113 (full 10):
 garbage-first heap   total 524288K, used 227238K [0x0000000701800000, 0x0000000800000000)
  region size 2048K, 40 young (81920K), 3 survivors (6144K)
 Metaspace       used 99032K, committed 99776K, reserved 1179648K
  class space    used 14390K, committed 14720K, reserved 1048576K
}
Event: 441.024 GC heap after
{Heap after GC invocations=114 (full 10):
 garbage-first heap   total 524288K, used 151670K [0x0000000701800000, 0x0000000800000000)
  region size 2048K, 3 young (6144K), 3 survivors (6144K)
 Metaspace       used 99032K, committed 99776K, reserved 1179648K
  class space    used 14390K, committed 14720K, reserved 1048576K
}
Event: 449.971 GC heap before
{Heap before GC invocations=114 (full 10):
 garbage-first heap   total 524288K, used 227446K [0x0000000701800000, 0x0000000800000000)
  region size 2048K, 40 young (81920K), 3 survivors (6144K)
 Metaspace       used 99040K, committed 99776K, reserved 1179648K
  class space    used 14390K, committed 14720K, reserved 1048576K
}
Event: 449.978 GC heap after
{Heap after GC invocations=115 (full 10):
 garbage-first heap   total 524288K, used 152129K [0x0000000701800000, 0x0000000800000000)
  region size 2048K, 3 young (6144K), 3 survivors (6144K)
 Metaspace       used 99040K, committed 99776K, reserved 1179648K
  class space    used 14390K, committed 14720K, reserved 1048576K
}
Event: 471.996 GC heap before
{Heap before GC invocations=115 (full 10):
 garbage-first heap   total 524288K, used 227905K [0x0000000701800000, 0x0000000800000000)
  region size 2048K, 40 young (81920K), 3 survivors (6144K)
 Metaspace       used 99052K, committed 99776K, reserved 1179648K
  class space    used 14390K, committed 14720K, reserved 1048576K
}
Event: 472.006 GC heap after
{Heap after GC invocations=116 (full 10):
 garbage-first heap   total 524288K, used 152083K [0x0000000701800000, 0x0000000800000000)
  region size 2048K, 3 young (6144K), 3 survivors (6144K)
 Metaspace       used 99052K, committed 99776K, reserved 1179648K
  class space    used 14390K, committed 14720K, reserved 1048576K
}
Event: 476.217 GC heap before
{Heap before GC invocations=116 (full 10):
 garbage-first heap   total 524288K, used 229907K [0x0000000701800000, 0x0000000800000000)
  region size 2048K, 41 young (83968K), 3 survivors (6144K)
 Metaspace       used 99167K, committed 99968K, reserved 1179648K
  class space    used 14412K, committed 14784K, reserved 1048576K
}
Event: 476.222 GC heap after
{Heap after GC invocations=117 (full 10):
 garbage-first heap   total 524288K, used 153709K [0x0000000701800000, 0x0000000800000000)
  region size 2048K, 3 young (6144K), 3 survivors (6144K)
 Metaspace       used 99167K, committed 99968K, reserved 1179648K
  class space    used 14412K, committed 14784K, reserved 1048576K
}
Event: 479.625 GC heap before
{Heap before GC invocations=117 (full 10):
 garbage-first heap   total 524288K, used 237677K [0x0000000701800000, 0x0000000800000000)
  region size 2048K, 40 young (81920K), 3 survivors (6144K)
 Metaspace       used 99288K, committed 100096K, reserved 1179648K
  class space    used 14425K, committed 14848K, reserved 1048576K
}
Event: 479.631 GC heap after
{Heap after GC invocations=118 (full 10):
 garbage-first heap   total 524288K, used 162270K [0x0000000701800000, 0x0000000800000000)
  region size 2048K, 3 young (6144K), 3 survivors (6144K)
 Metaspace       used 99288K, committed 100096K, reserved 1179648K
  class space    used 14425K, committed 14848K, reserved 1048576K
}
Event: 483.141 GC heap before
{Heap before GC invocations=118 (full 10):
 garbage-first heap   total 524288K, used 238046K [0x0000000701800000, 0x0000000800000000)
  region size 2048K, 40 young (81920K), 3 survivors (6144K)
 Metaspace       used 99313K, committed 100096K, reserved 1179648K
  class space    used 14428K, committed 14848K, reserved 1048576K
}
Event: 483.146 GC heap after
{Heap after GC invocations=119 (full 10):
 garbage-first heap   total 524288K, used 163181K [0x0000000701800000, 0x0000000800000000)
  region size 2048K, 3 young (6144K), 3 survivors (6144K)
 Metaspace       used 99313K, committed 100096K, reserved 1179648K
  class space    used 14428K, committed 14848K, reserved 1048576K
}
Event: 485.279 GC heap before
{Heap before GC invocations=119 (full 10):
 garbage-first heap   total 524288K, used 238957K [0x0000000701800000, 0x0000000800000000)
  region size 2048K, 40 young (81920K), 3 survivors (6144K)
 Metaspace       used 99352K, committed 100160K, reserved 1179648K
  class space    used 14429K, committed 14848K, reserved 1048576K
}
Event: 485.284 GC heap after
{Heap after GC invocations=120 (full 10):
 garbage-first heap   total 524288K, used 163052K [0x0000000701800000, 0x0000000800000000)
  region size 2048K, 3 young (6144K), 3 survivors (6144K)
 Metaspace       used 99352K, committed 100160K, reserved 1179648K
  class space    used 14429K, committed 14848K, reserved 1048576K
}
Event: 488.140 GC heap before
{Heap before GC invocations=120 (full 10):
 garbage-first heap   total 524288K, used 238828K [0x0000000701800000, 0x0000000800000000)
  region size 2048K, 40 young (81920K), 3 survivors (6144K)
 Metaspace       used 99361K, committed 100224K, reserved 1179648K
  class space    used 14429K, committed 14848K, reserved 1048576K
}
Event: 488.145 GC heap after
{Heap after GC invocations=121 (full 10):
 garbage-first heap   total 524288K, used 163059K [0x0000000701800000, 0x0000000800000000)
  region size 2048K, 3 young (6144K), 3 survivors (6144K)
 Metaspace       used 99361K, committed 100224K, reserved 1179648K
  class space    used 14429K, committed 14848K, reserved 1048576K
}

